{"C:\\Users\\yarla\\OneDrive\\Documents\\KCMS_Final-Folder\\KCMS-Backend\\src\\app.js": {"path":"C:\\Users\\yarla\\OneDrive\\Documents\\KCMS_Final-Folder\\KCMS-Backend\\src\\app.js","statementMap":{"0":{"start":{"line":1,"column":16},"end":{"line":1,"column":34}},"1":{"start":{"line":2,"column":13},"end":{"line":2,"column":28}},"2":{"start":{"line":3,"column":15},"end":{"line":3,"column":32}},"3":{"start":{"line":4,"column":15},"end":{"line":4,"column":32}},"4":{"start":{"line":6,"column":21},"end":{"line":6,"column":62}},"5":{"start":{"line":7,"column":24},"end":{"line":7,"column":54}},"6":{"start":{"line":9,"column":12},"end":{"line":9,"column":21}},"7":{"start":{"line":12,"column":0},"end":{"line":12,"column":18}},"8":{"start":{"line":13,"column":0},"end":{"line":13,"column":16}},"9":{"start":{"line":14,"column":0},"end":{"line":14,"column":24}},"10":{"start":{"line":15,"column":0},"end":{"line":15,"column":49}},"11":{"start":{"line":16,"column":0},"end":{"line":16,"column":23}},"12":{"start":{"line":19,"column":0},"end":{"line":19,"column":37}},"13":{"start":{"line":22,"column":0},"end":{"line":24,"column":3}},"14":{"start":{"line":23,"column":2},"end":{"line":23,"column":66}},"15":{"start":{"line":27,"column":0},"end":{"line":27,"column":25}},"16":{"start":{"line":29,"column":0},"end":{"line":29,"column":21}}},"fnMap":{"0":{"name":"(anonymous_0)","decl":{"start":{"line":22,"column":8},"end":{"line":22,"column":9}},"loc":{"start":{"line":22,"column":22},"end":{"line":24,"column":1}},"line":22}},"branchMap":{},"s":{"0":1,"1":1,"2":1,"3":1,"4":1,"5":1,"6":1,"7":1,"8":1,"9":1,"10":1,"11":1,"12":1,"13":1,"14":0,"15":1,"16":1},"f":{"0":0},"b":{},"_coverageSchema":"1a1c01bbd47fc00a2c39e90264f33305004495a9","hash":"7aa02dd67e1a98def33f0a12e48c9a1dc66284cd"}
,"C:\\Users\\yarla\\OneDrive\\Documents\\KCMS_Final-Folder\\KCMS-Backend\\src\\middlewares\\error.js": {"path":"C:\\Users\\yarla\\OneDrive\\Documents\\KCMS_Final-Folder\\KCMS-Backend\\src\\middlewares\\error.js","statementMap":{"0":{"start":{"line":1,"column":0},"end":{"line":8,"column":2}},"1":{"start":{"line":2,"column":2},"end":{"line":2,"column":21}},"2":{"start":{"line":3,"column":17},"end":{"line":3,"column":38}},"3":{"start":{"line":4,"column":2},"end":{"line":7,"column":5}}},"fnMap":{"0":{"name":"(anonymous_0)","decl":{"start":{"line":1,"column":17},"end":{"line":1,"column":18}},"loc":{"start":{"line":1,"column":42},"end":{"line":8,"column":1}},"line":1}},"branchMap":{"0":{"loc":{"start":{"line":3,"column":17},"end":{"line":3,"column":38}},"type":"binary-expr","locations":[{"start":{"line":3,"column":17},"end":{"line":3,"column":31}},{"start":{"line":3,"column":35},"end":{"line":3,"column":38}}],"line":3},"1":{"loc":{"start":{"line":6,"column":13},"end":{"line":6,"column":50}},"type":"binary-expr","locations":[{"start":{"line":6,"column":13},"end":{"line":6,"column":24}},{"start":{"line":6,"column":28},"end":{"line":6,"column":50}}],"line":6}},"s":{"0":1,"1":0,"2":0,"3":0},"f":{"0":0},"b":{"0":[0,0],"1":[0,0]},"_coverageSchema":"1a1c01bbd47fc00a2c39e90264f33305004495a9","hash":"84f333e4de18ba7419f49204517289916d1d11d7"}
,"C:\\Users\\yarla\\OneDrive\\Documents\\KCMS_Final-Folder\\KCMS-Backend\\src\\modules\\health\\health.controller.js": {"path":"C:\\Users\\yarla\\OneDrive\\Documents\\KCMS_Final-Folder\\KCMS-Backend\\src\\modules\\health\\health.controller.js","statementMap":{"0":{"start":{"line":1,"column":26},"end":{"line":1,"column":53}},"1":{"start":{"line":2,"column":28},"end":{"line":2,"column":59}},"2":{"start":{"line":4,"column":0},"end":{"line":11,"column":2}},"3":{"start":{"line":5,"column":2},"end":{"line":10,"column":3}},"4":{"start":{"line":6,"column":17},"end":{"line":6,"column":32}},"5":{"start":{"line":7,"column":4},"end":{"line":7,"column":49}},"6":{"start":{"line":9,"column":4},"end":{"line":9,"column":14}}},"fnMap":{"0":{"name":"(anonymous_0)","decl":{"start":{"line":4,"column":20},"end":{"line":4,"column":21}},"loc":{"start":{"line":4,"column":40},"end":{"line":11,"column":1}},"line":4}},"branchMap":{},"s":{"0":1,"1":1,"2":1,"3":1,"4":1,"5":1,"6":0},"f":{"0":1},"b":{},"_coverageSchema":"1a1c01bbd47fc00a2c39e90264f33305004495a9","hash":"ae364ee7e71c59aaa511332186e42bd25f175c8b"}
,"C:\\Users\\yarla\\OneDrive\\Documents\\KCMS_Final-Folder\\KCMS-Backend\\src\\modules\\health\\health.routes.js": {"path":"C:\\Users\\yarla\\OneDrive\\Documents\\KCMS_Final-Folder\\KCMS-Backend\\src\\modules\\health\\health.routes.js","statementMap":{"0":{"start":{"line":1,"column":15},"end":{"line":1,"column":42}},"1":{"start":{"line":2,"column":22},"end":{"line":2,"column":52}},"2":{"start":{"line":4,"column":0},"end":{"line":4,"column":27}},"3":{"start":{"line":6,"column":0},"end":{"line":6,"column":24}}},"fnMap":{},"branchMap":{},"s":{"0":1,"1":1,"2":1,"3":1},"f":{},"b":{},"_coverageSchema":"1a1c01bbd47fc00a2c39e90264f33305004495a9","hash":"39d65ad465404d5d63da3cde22146efe49609a91"}
,"C:\\Users\\yarla\\OneDrive\\Documents\\KCMS_Final-Folder\\KCMS-Backend\\src\\modules\\health\\health.service.js": {"path":"C:\\Users\\yarla\\OneDrive\\Documents\\KCMS_Final-Folder\\KCMS-Backend\\src\\modules\\health\\health.service.js","statementMap":{"0":{"start":{"line":1,"column":0},"end":{"line":4,"column":3}},"1":{"start":{"line":1,"column":31},"end":{"line":4,"column":1}}},"fnMap":{"0":{"name":"(anonymous_0)","decl":{"start":{"line":1,"column":24},"end":{"line":1,"column":25}},"loc":{"start":{"line":1,"column":31},"end":{"line":4,"column":1}},"line":1}},"branchMap":{},"s":{"0":1,"1":1},"f":{"0":1},"b":{},"_coverageSchema":"1a1c01bbd47fc00a2c39e90264f33305004495a9","hash":"6816ec979381754b6d46e1a32b66ad0945a5eb6e"}
,"C:\\Users\\yarla\\OneDrive\\Documents\\KCMS_Final-Folder\\KCMS-Backend\\src\\utils\\response.js": {"path":"C:\\Users\\yarla\\OneDrive\\Documents\\KCMS_Final-Folder\\KCMS-Backend\\src\\utils\\response.js","statementMap":{"0":{"start":{"line":1,"column":0},"end":{"line":3,"column":2}},"1":{"start":{"line":2,"column":2},"end":{"line":2,"column":68}},"2":{"start":{"line":5,"column":0},"end":{"line":7,"column":2}},"3":{"start":{"line":6,"column":2},"end":{"line":6,"column":61}}},"fnMap":{"0":{"name":"(anonymous_0)","decl":{"start":{"line":1,"column":26},"end":{"line":1,"column":27}},"loc":{"start":{"line":1,"column":69},"end":{"line":3,"column":1}},"line":1},"1":{"name":"(anonymous_1)","decl":{"start":{"line":5,"column":24},"end":{"line":5,"column":25}},"loc":{"start":{"line":5,"column":80},"end":{"line":7,"column":1}},"line":5}},"branchMap":{"0":{"loc":{"start":{"line":1,"column":32},"end":{"line":1,"column":43}},"type":"default-arg","locations":[{"start":{"line":1,"column":39},"end":{"line":1,"column":43}}],"line":1},"1":{"loc":{"start":{"line":1,"column":45},"end":{"line":1,"column":64}},"type":"default-arg","locations":[{"start":{"line":1,"column":55},"end":{"line":1,"column":64}}],"line":1},"2":{"loc":{"start":{"line":5,"column":30},"end":{"line":5,"column":40}},"type":"default-arg","locations":[{"start":{"line":5,"column":37},"end":{"line":5,"column":40}}],"line":5},"3":{"loc":{"start":{"line":5,"column":42},"end":{"line":5,"column":75}},"type":"default-arg","locations":[{"start":{"line":5,"column":52},"end":{"line":5,"column":75}}],"line":5}},"s":{"0":1,"1":1,"2":1,"3":0},"f":{"0":1,"1":0},"b":{"0":[0],"1":[0],"2":[0],"3":[0]},"_coverageSchema":"1a1c01bbd47fc00a2c39e90264f33305004495a9","hash":"024c959bb08fbac8f69894e0fd7106799160ffcc"}
}
